<?xml version="1.0" encoding="UTF-8"?>
<testng-results ignored="0" total="1" passed="1" failed="0" skipped="0">
  <reporter-output>
  </reporter-output>
  <suite started-at="2022-10-16T22:28:07 IST" name="Default suite" finished-at="2022-10-16T22:28:45 IST" duration-ms="37695">
    <groups>
    </groups>
    <test started-at="2022-10-16T22:28:07 IST" name="Default test" finished-at="2022-10-16T22:28:45 IST" duration-ms="37695">
      <class name="GORMALONE_LLP_ASSESSMENT_ROUND_TestCases.GORMALONE_LLP">
        <test-method is-config="true" signature="SetUp()[pri:0, instance:GORMALONE_LLP_ASSESSMENT_ROUND_TestCases.GORMALONE_LLP@23c30a20]" started-at="2022-10-16T22:28:07 IST" name="SetUp" finished-at="2022-10-16T22:28:19 IST" duration-ms="12581" status="PASS">
          <reporter-output>
          </reporter-output>
        </test-method> <!-- SetUp -->
        <test-method signature="GORMALONE()[pri:1, instance:GORMALONE_LLP_ASSESSMENT_ROUND_TestCases.GORMALONE_LLP@23c30a20]" started-at="2022-10-16T22:28:19 IST" name="GORMALONE" finished-at="2022-10-16T22:28:45 IST" duration-ms="25065" status="PASS">
          <reporter-output>
          </reporter-output>
        </test-method> <!-- GORMALONE -->
      </class> <!-- GORMALONE_LLP_ASSESSMENT_ROUND_TestCases.GORMALONE_LLP -->
    </test> <!-- Default test -->
  </suite> <!-- Default suite -->
</testng-results>
